{
  "stats": {
    "suites": 1,
    "tests": 3,
    "passes": 3,
    "pending": 0,
    "failures": 0,
    "start": "2021-06-30T15:39:12.122Z",
    "end": "2021-06-30T15:39:34.214Z",
    "duration": 22092,
    "testsRegistered": 3,
    "passPercent": 100,
    "pendingPercent": 0,
    "other": 0,
    "hasOther": false,
    "skipped": 0,
    "hasSkipped": false
  },
  "results": [
    {
      "uuid": "64a70548-e1fa-4bc0-af8a-1590be96e2fb",
      "title": "",
      "fullFile": "cypress/integration/testfile.js",
      "file": "cypress/integration/testfile.js",
      "beforeHooks": [],
      "afterHooks": [],
      "tests": [],
      "suites": [
        {
          "uuid": "79b4af16-cadc-4ad9-a967-06d7c0c5b5cc",
          "title": "Sample Project to verify cart in Amazon",
          "fullFile": "",
          "file": "",
          "beforeHooks": [],
          "afterHooks": [],
          "tests": [
            {
              "title": "search and select a product in amazon",
              "fullTitle": "Sample Project to verify cart in Amazon search and select a product in amazon",
              "timedOut": null,
              "duration": 16943,
              "state": "passed",
              "speed": "slow",
              "pass": true,
              "fail": false,
              "pending": false,
              "context": null,
              "code": "cy.get(Amazon.HomePage.SearchInputField, {\n  timeout: 10000\n}).type(inputObj.BookName);\ncy.get(Amazon.HomePage.SearchIcon, {\n  timeout: 5000\n}).click();\ncy.get(Amazon.HomePage.ItemList).then($itemlist => {\n  itemlistlength = $itemlist.length; //verify the list should not be empty\n  expect(itemlistlength).to.be.greaterThan(0);\n}); //click on the first element\ncy.get(Amazon.HomePage.ItemList).first().find('a').first().invoke('removeAttr', 'target').click();",
              "err": {},
              "uuid": "2bed7ad3-9736-470d-9815-8dbfe26bc746",
              "parentUUID": "79b4af16-cadc-4ad9-a967-06d7c0c5b5cc",
              "isHook": false,
              "skipped": false
            },
            {
              "title": "Verify the product details in cart",
              "fullTitle": "Sample Project to verify cart in Amazon Verify the product details in cart",
              "timedOut": null,
              "duration": 635,
              "state": "passed",
              "speed": "slow",
              "pass": true,
              "fail": false,
              "pending": false,
              "context": null,
              "code": "cy.get(Amazon.ProductPage.Title, {\n  timeout: 10000\n}).should('contain.text', inputObj.BookName);\ncommands.compareText(Amazon.ProductPage.Availability, inputObj.Availability);\ncy.get(Amazon.ProductPage.Quantity).select('1').should('have.value', inputObj.Quantity);\ncy.get(Amazon.ProductPage.Price).should('contain', inputObj.Price);",
              "err": {},
              "uuid": "b2465043-4eca-400e-aa8c-823900caa169",
              "parentUUID": "79b4af16-cadc-4ad9-a967-06d7c0c5b5cc",
              "isHook": false,
              "skipped": false
            },
            {
              "title": "Add the product to Cart",
              "fullTitle": "Sample Project to verify cart in Amazon Add the product to Cart",
              "timedOut": null,
              "duration": 2213,
              "state": "passed",
              "speed": "slow",
              "pass": true,
              "fail": false,
              "pending": false,
              "context": null,
              "code": "cy.get(Amazon.ProductPage.AddToCart, {\n  timeout: 10000\n}).click();\ncommands.compareText(Amazon.CartInfo.SuccessMessage, inputObj.SuccessMessage);\ncy.get(Amazon.CartInfo.ProceedToBuy, {\n  timeout: 10000\n}).should('contain', '1 item'); //cy.get(Amazon.ProductPage.Continue,{timeout:10000}).click()",
              "err": {},
              "uuid": "8f56231d-5fff-4c5f-b2f3-ffb67773d655",
              "parentUUID": "79b4af16-cadc-4ad9-a967-06d7c0c5b5cc",
              "isHook": false,
              "skipped": false
            }
          ],
          "suites": [],
          "passes": [
            "2bed7ad3-9736-470d-9815-8dbfe26bc746",
            "b2465043-4eca-400e-aa8c-823900caa169",
            "8f56231d-5fff-4c5f-b2f3-ffb67773d655"
          ],
          "failures": [],
          "pending": [],
          "skipped": [],
          "duration": 19791,
          "root": false,
          "rootEmpty": false,
          "_timeout": 2000
        }
      ],
      "passes": [],
      "failures": [],
      "pending": [],
      "skipped": [],
      "duration": 0,
      "root": true,
      "rootEmpty": true,
      "_timeout": 2000
    }
  ],
  "meta": {
    "mocha": {
      "version": "7.0.1"
    },
    "mochawesome": {
      "options": {
        "quiet": false,
        "reportFilename": "mochawesome",
        "saveHtml": true,
        "saveJson": true,
        "consoleReporter": "spec",
        "useInlineDiffs": false,
        "code": true
      },
      "version": "6.2.2"
    },
    "marge": {
      "options": {
        "id": "default",
        "reportDir": "cypress/reports/mocha",
        "quite": true,
        "overwrite": false,
        "html": true,
        "json": true
      },
      "version": "5.2.0"
    }
  }
}